# JRE version: OpenJDK Runtime Environment Homebrew (23.0) (build 23)
# Java VM: OpenJDK 64-Bit Server VM Homebrew (23, mixed mode, sharing, tiered, compressed oops, compressed class ptrs, g1 gc, bsd-aarch64)
Heap:
 garbage-first heap   total reserved 4194304K, committed 264192K, used 152749K [0x0000000700000000, 0x0000000800000000)
  region size 2048K, 72 young (147456K), 1 survivors (2048K)
 Metaspace       used 10762K, committed 11008K, reserved 1114112K
  class space    used 1146K, committed 1280K, reserved 1048576K
GC Heap History (20 events):
Event: 12.767 GC heap before
{Heap before GC invocations=1 (full 0):
 garbage-first heap   total reserved 4194304K, committed 264192K, used 28461K [0x0000000700000000, 0x0000000800000000)
  region size 2048K, 12 young (24576K), 2 survivors (4096K)
 Metaspace       used 10596K, committed 10816K, reserved 1114112K
  class space    used 1124K, committed 1216K, reserved 1048576K
}
Event: 12.771 GC heap after
{Heap after GC invocations=2 (full 0):
 garbage-first heap   total reserved 4194304K, committed 264192K, used 8691K [0x0000000700000000, 0x0000000800000000)
  region size 2048K, 1 young (2048K), 1 survivors (2048K)
 Metaspace       used 10596K, committed 10816K, reserved 1114112K
  class space    used 1124K, committed 1216K, reserved 1048576K
}
Event: 44.703 GC heap before
{Heap before GC invocations=2 (full 0):
 garbage-first heap   total reserved 4194304K, committed 264192K, used 80371K [0x0000000700000000, 0x0000000800000000)
  region size 2048K, 36 young (73728K), 1 survivors (2048K)
 Metaspace       used 10606K, committed 10816K, reserved 1114112K
  class space    used 1124K, committed 1216K, reserved 1048576K
}
Event: 44.704 GC heap after
{Heap after GC invocations=3 (full 0):
 garbage-first heap   total reserved 4194304K, committed 264192K, used 8394K [0x0000000700000000, 0x0000000800000000)
  region size 2048K, 1 young (2048K), 1 survivors (2048K)
 Metaspace       used 10606K, committed 10816K, reserved 1114112K
  class space    used 1124K, committed 1216K, reserved 1048576K
}
Event: 80.150 GC heap before
{Heap before GC invocations=3 (full 0):
 garbage-first heap   total reserved 4194304K, committed 264192K, used 88266K [0x0000000700000000, 0x0000000800000000)
  region size 2048K, 40 young (81920K), 1 survivors (2048K)
 Metaspace       used 10608K, committed 10816K, reserved 1114112K
  class space    used 1124K, committed 1216K, reserved 1048576K
}
Event: 80.151 GC heap after
{Heap after GC invocations=4 (full 0):
 garbage-first heap   total reserved 4194304K, committed 264192K, used 8368K [0x0000000700000000, 0x0000000800000000)
  region size 2048K, 1 young (2048K), 1 survivors (2048K)
 Metaspace       used 10608K, committed 10816K, reserved 1114112K
  class space    used 1124K, committed 1216K, reserved 1048576K
}
Event: 134.092 GC heap before
{Heap before GC invocations=4 (full 0):
 garbage-first heap   total reserved 4194304K, committed 264192K, used 127152K [0x0000000700000000, 0x0000000800000000)
  region size 2048K, 59 young (120832K), 1 survivors (2048K)
 Metaspace       used 10617K, committed 10816K, reserved 1114112K
  class space    used 1124K, committed 1216K, reserved 1048576K
}
Event: 134.093 GC heap after
{Heap after GC invocations=5 (full 0):
 garbage-first heap   total reserved 4194304K, committed 264192K, used 8368K [0x0000000700000000, 0x0000000800000000)
  region size 2048K, 1 young (2048K), 1 survivors (2048K)
 Metaspace       used 10617K, committed 10816K, reserved 1114112K
  class space    used 1124K, committed 1216K, reserved 1048576K
}
Event: 199.878 GC heap before
{Heap before GC invocations=5 (full 0):
 garbage-first heap   total reserved 4194304K, committed 264192K, used 151728K [0x0000000700000000, 0x0000000800000000)
  region size 2048K, 71 young (145408K), 1 survivors (2048K)
 Metaspace       used 10617K, committed 10816K, reserved 1114112K
  class space    used 1124K, committed 1216K, reserved 1048576K
}
Event: 199.879 GC heap after
{Heap after GC invocations=6 (full 0):
 garbage-first heap   total reserved 4194304K, committed 264192K, used 8370K [0x0000000700000000, 0x0000000800000000)
  region size 2048K, 1 young (2048K), 1 survivors (2048K)
 Metaspace       used 10617K, committed 10816K, reserved 1114112K
  class space    used 1124K, committed 1216K, reserved 1048576K
}
Event: 271.014 GC heap before
{Heap before GC invocations=6 (full 0):
 garbage-first heap   total reserved 4194304K, committed 264192K, used 161970K [0x0000000700000000, 0x0000000800000000)
  region size 2048K, 76 young (155648K), 1 survivors (2048K)
 Metaspace       used 10754K, committed 11008K, reserved 1114112K
  class space    used 1145K, committed 1280K, reserved 1048576K
}
Event: 271.015 GC heap after
{Heap after GC invocations=7 (full 0):
 garbage-first heap   total reserved 4194304K, committed 264192K, used 8370K [0x0000000700000000, 0x0000000800000000)
  region size 2048K, 1 young (2048K), 1 survivors (2048K)
 Metaspace       used 10754K, committed 11008K, reserved 1114112K
  class space    used 1145K, committed 1280K, reserved 1048576K
}
Event: 341.695 GC heap before
{Heap before GC invocations=7 (full 0):
 garbage-first heap   total reserved 4194304K, committed 264192K, used 161970K [0x0000000700000000, 0x0000000800000000)
  region size 2048K, 76 young (155648K), 1 survivors (2048K)
 Metaspace       used 10761K, committed 11008K, reserved 1114112K
  class space    used 1146K, committed 1280K, reserved 1048576K
}
Event: 341.696 GC heap after
{Heap after GC invocations=8 (full 0):
 garbage-first heap   total reserved 4194304K, committed 264192K, used 8362K [0x0000000700000000, 0x0000000800000000)
  region size 2048K, 1 young (2048K), 1 survivors (2048K)
 Metaspace       used 10761K, committed 11008K, reserved 1114112K
  class space    used 1146K, committed 1280K, reserved 1048576K
}
Event: 412.669 GC heap before
{Heap before GC invocations=8 (full 0):
 garbage-first heap   total reserved 4194304K, committed 264192K, used 161962K [0x0000000700000000, 0x0000000800000000)
  region size 2048K, 76 young (155648K), 1 survivors (2048K)
 Metaspace       used 10762K, committed 11008K, reserved 1114112K
  class space    used 1146K, committed 1280K, reserved 1048576K
}
Event: 412.670 GC heap after
{Heap after GC invocations=9 (full 0):
 garbage-first heap   total reserved 4194304K, committed 264192K, used 8363K [0x0000000700000000, 0x0000000800000000)
  region size 2048K, 1 young (2048K), 1 survivors (2048K)
 Metaspace       used 10762K, committed 11008K, reserved 1114112K
  class space    used 1146K, committed 1280K, reserved 1048576K
}
Event: 483.996 GC heap before
{Heap before GC invocations=9 (full 0):
 garbage-first heap   total reserved 4194304K, committed 264192K, used 161963K [0x0000000700000000, 0x0000000800000000)
  region size 2048K, 76 young (155648K), 1 survivors (2048K)
 Metaspace       used 10762K, committed 11008K, reserved 1114112K
  class space    used 1146K, committed 1280K, reserved 1048576K
}
Event: 483.997 GC heap after
{Heap after GC invocations=10 (full 0):
 garbage-first heap   total reserved 4194304K, committed 264192K, used 8369K [0x0000000700000000, 0x0000000800000000)
  region size 2048K, 1 young (2048K), 1 survivors (2048K)
 Metaspace       used 10762K, committed 11008K, reserved 1114112K
  class space    used 1146K, committed 1280K, reserved 1048576K
}
Event: 555.093 GC heap before
{Heap before GC invocations=10 (full 0):
 garbage-first heap   total reserved 4194304K, committed 264192K, used 161969K [0x0000000700000000, 0x0000000800000000)
  region size 2048K, 76 young (155648K), 1 survivors (2048K)
 Metaspace       used 10762K, committed 11008K, reserved 1114112K
  class space    used 1146K, committed 1280K, reserved 1048576K
}
Event: 555.095 GC heap after
{Heap after GC invocations=11 (full 0):
 garbage-first heap   total reserved 4194304K, committed 264192K, used 8365K [0x0000000700000000, 0x0000000800000000)
  region size 2048K, 1 young (2048K), 1 survivors (2048K)
 Metaspace       used 10762K, committed 11008K, reserved 1114112K
  class space    used 1146K, committed 1280K, reserved 1048576K
}

